618308 INFO S0 init finish
618309 INFO S1 init finish
618310 INFO S2 init finish
618311 INFO S3 init finish
618312 INFO S4 init finish
Test (2C): more persistence ...
1062372 LEAD S2 T0 Follower -> Candidate
1156391 PERS S2 T1 persist success, Log Length 0, Start 0, End 0
1156391 TIMR S2 T1 Start vote
1064270 LEAD S4 T0 Follower -> Candidate
1156391 PERS S4 T1 persist success, Log Length 0, Start 0, End 0
1156391 TIMR S4 T1 Start vote
1104273 LEAD S3 T0 Follower -> Candidate
1156392 PERS S3 T1 persist success, Log Length 0, Start 0, End 0
1156393 TIMR S3 T1 Start vote
1156394 VOTE S3 T1 <- S2 T1, get vote request
1156394 VOTE S3 Has voted for S3 at T1
1156394 VOTE S2 T1 <- S4 T1, get vote request
1156395 VOTE S2 Has voted for S2 at T1
1156396 VOTE S3 T1 <- S4 T1, get vote request
1156396 VOTE S4 T1 <- S2 T1, get vote request
1156396 VOTE S4 Has voted for S4 at T1
1062377 LEAD S1 T0 Follower -> Candidate
1156396 PERS S1 T1 persist success, Log Length 0, Start 0, End 0
1156396 TIMR S1 T1 Start vote
1156397 VOTE S1 T1 <- S2 T1, get vote request
1156397 VOTE S1 Has voted for S1 at T1
1156397 VOTE S2 T1 <- S3 T1, get vote request
1156397 VOTE S2 Has voted for S2 at T1
626312 LEAD S0 T0 Follower -> Candidate
1156398 VOTE S4 T1 <- S3 T1, get vote request
1156398 VOTE S4 Has voted for S4 at T1
1156398 PERS S0 T1 persist success, Log Length 0, Start 0, End 0
1156398 TIMR S0 T1 Start vote
1156398 VOTE S0 T1 <- S2 T1, get vote request
1156398 VOTE S0 Has voted for S0 at T1
1156396 VOTE S3 Has voted for S3 at T1
1156399 VOTE S0 T1 <- S1 T1, get vote request
1156399 VOTE S1 T1 <- S0 T1, get vote request
1156399 VOTE S1 Has voted for S1 at T1
1156400 VOTE S2 T1 <- S0 T1, get vote request
1156400 VOTE S2 Has voted for S2 at T1
1156400 VOTE S2 T1 <- S1 T1, get vote request
1156400 VOTE S2 Has voted for S2 at T1
1156401 VOTE S3 T1 <- S0 T1, get vote request
1156401 VOTE S3 Has voted for S3 at T1
1156401 VOTE S3 T1 <- S1 T1, get vote request
1156401 VOTE S3 Has voted for S3 at T1
1156402 VOTE S4 T1 <- S0 T1, get vote request
1156402 VOTE S4 Has voted for S4 at T1
1156402 VOTE S1 T1 <- S4 T1, get vote request
1156402 VOTE S1 Has voted for S1 at T1
1156402 VOTE S4 T1 <- S1 T1, get vote request
1156402 VOTE S4 Has voted for S4 at T1
1156402 VOTE S1 T1 <- S3 T1, get vote request
1156402 VOTE S1 Has voted for S1 at T1
1156399 VOTE S0 Has voted for S0 at T1
1156403 VOTE S0 T1 <- S3 T1, get vote request
1156403 VOTE S0 Has voted for S0 at T1
1156404 VOTE S0 T1 <- S4 T1, get vote request
1156404 VOTE S0 Has voted for S0 at T1
--- FAIL: TestPersist22C (53.86s)
    config.go:609: one(11) failed to reach agreement