Test: partial migration shard access (challenge 2) ...
000002 INFO G100 S0 start
000003 INFO G100 S1 start
000003 INFO G100 S2 start
000004 INFO G101 S0 start
000004 INFO G101 S1 start
000004 INFO G101 S2 start
000005 INFO G102 S0 start
000005 INFO G102 S1 start
000006 INFO G102 S2 start
008622 KVRA G100 S0 start config 1
008839 KVRA G100 S0 Update Config to 1, need map[], out []
009488 KVRA G102 S1 start config 1
009697 KVRA G102 S1 Update Config to 1, need map[], out []
009698 KVRA G100 S2 Update Config to 1, need map[], out []
009914 KVRA G100 S1 Update Config to 1, need map[], out []
010779 KVRA G102 S0 Update Config to 1, need map[], out []
010888 KVRA G102 S2 Update Config to 1, need map[], out []
013772 KVRA G101 S1 start config 1
014000 KVRA G101 S1 Update Config to 1, need map[], out []
014987 KVRA G101 S2 Update Config to 1, need map[], out []
015482 KVRA G101 S0 Update Config to 1, need map[], out []
021625 KVRA G102 S0 KV Not Leader
021777 KVRA G102 S1 KV Get 0, shard 8, index 2
021777 KVRA G102 S1 KV make chan for C2
022082 KVRA G102 S1 KV apply {1286819530089533669 1 Put 0 100}, shard 8, index 2
022082 KVRA G102 S1 KV notify index 2
022191 KVRA G102 S0 KV apply {1286819530089533669 1 Put 0 100}, shard 8, index 2
022312 KVRA G102 S0 KV Not Leader
022408 KVRA G102 S2 KV apply {1286819530089533669 1 Put 0 100}, shard 8, index 2
022443 KVRA G102 S1 KV Get 1, shard 9, index 3
023500 KVRA G102 S0 KV apply {1286819530089533669 2 Put 1 100}, shard 9, index 3
023774 KVRA G102 S1 KV make chan for C3
023774 KVRA G102 S1 KV apply {1286819530089533669 2 Put 1 100}, shard 9, index 3
023774 KVRA G102 S1 KV notify index 3
023881 KVRA G102 S2 KV apply {1286819530089533669 2 Put 1 100}, shard 9, index 3
023892 KVRA G100 S0 KV Get 2, shard 0, index 2
024317 KVRA G100 S0 KV make chan for C2
024318 KVRA G100 S0 KV apply {1286819530089533669 3 Put 2 100}, shard 0, index 2
024318 KVRA G100 S0 KV notify index 2
024548 KVRA G100 S0 KV Get 3, shard 1, index 3
024548 KVRA G100 S0 KV make chan for C3
024971 KVRA G100 S2 KV apply {1286819530089533669 3 Put 2 100}, shard 0, index 2
025012 KVRA G100 S0 KV apply {1286819530089533669 4 Put 3 100}, shard 1, index 3
025013 KVRA G100 S0 KV notify index 3
025242 KVRA G100 S0 KV Get 4, shard 2, index 4
025242 KVRA G100 S0 KV make chan for C4
025556 KVRA G100 S2 KV apply {1286819530089533669 4 Put 3 100}, shard 1, index 3
025749 KVRA G100 S0 KV Get reply err 
025837 KVRA G100 S1 KV Not Leader
025968 KVRA G100 S2 KV Not Leader
026804 KVRA G100 S2 KV apply {1286819530089533669 5 Put 4 100}, shard 2, index 4
027673 KVRA G100 S0 KV apply {1286819530089533669 5 Put 4 100}, shard 2, index 4
027674 KVRA G100 S0 KV notify index 4
027749 KVRA G100 S0 KV Get 4, shard 2, index 5
027749 KVRA G100 S0 KV make chan for C5
028043 KVRA G100 S0 KV Clerk 1286819530089533669 Seq 5 duplicate
028044 KVRA G100 S0 KV notify index 5
028132 KVRA G100 S0 KV Get 5, shard 3, index 6
028132 KVRA G100 S0 KV make chan for C6
028263 KVRA G100 S0 KV apply {1286819530089533669 6 Put 5 100}, shard 3, index 6
028264 KVRA G100 S0 KV notify index 6
028420 KVRA G100 S1 KV apply {1286819530089533669 3 Put 2 100}, shard 0, index 2
028421 SNAP G100 S1 snapshot respon [true true true true false false false false false false]
028421 KVRA G100 S1 KV apply {1286819530089533669 5 Put 4 100}, shard 2, index 4
028421 KVRA G100 S1 KV Clerk 1286819530089533669 Seq 5 duplicate
028504 KVRA G101 S0 KV Not Leader
028768 KVRA G101 S1 KV Get 6, shard 4, index 2
029290 KVRA G100 S1 KV apply {1286819530089533669 6 Put 5 100}, shard 3, index 6
029291 KVRA G101 S1 KV make chan for C2
029509 KVRA G101 S1 KV apply {1286819530089533669 7 Put 6 100}, shard 4, index 2
029509 KVRA G101 S1 KV notify index 2
029564 KVRA G101 S1 KV Get 7, shard 5, index 3
029564 KVRA G101 S1 KV make chan for C3
029928 KVRA G101 S1 KV apply {1286819530089533669 8 Put 7 100}, shard 5, index 3
029928 KVRA G101 S1 KV notify index 3
030143 KVRA G101 S0 KV Not Leader
030352 KVRA G101 S0 KV apply {1286819530089533669 7 Put 6 100}, shard 4, index 2
030384 KVRA G101 S1 KV Get 8, shard 6, index 4
030614 KVRA G101 S0 KV apply {1286819530089533669 8 Put 7 100}, shard 5, index 3
031965 KVRA G100 S2 KV Clerk 1286819530089533669 Seq 5 duplicate
031967 KVRA G100 S2 KV apply {1286819530089533669 6 Put 5 100}, shard 3, index 6
032184 SNAP G101 S2 snapshot respon [false false false false true true true false false false]
032184 KVRA G101 S2 KV apply {1286819530089533669 9 Put 8 100}, shard 6, index 4
032215 KVRA G101 S0 KV apply {1286819530089533669 9 Put 8 100}, shard 6, index 4
034215 KVRA G101 S1 KV make chan for C4
034216 KVRA G101 S1 KV apply {1286819530089533669 9 Put 8 100}, shard 6, index 4
034216 KVRA G101 S1 KV notify index 4
034312 KVRA G102 S0 KV Not Leader
034473 KVRA G102 S1 KV Get 9, shard 7, index 4
034473 KVRA G102 S1 KV make chan for C4
034974 KVRA G102 S1 KV Get reply err 
035050 KVRA G102 S2 KV Not Leader
035507 KVRA G102 S1 KV apply {1286819530089533669 10 Put 9 100}, shard 7, index 4
035508 KVRA G102 S1 KV notify index 4
035983 KVRA G102 S2 KV apply {1286819530089533669 10 Put 9 100}, shard 7, index 4
035984 KVRA G102 S0 KV apply {1286819530089533669 10 Put 9 100}, shard 7, index 4
036766 KVRA G102 S0 KV Not Leader
036919 KVRA G102 S2 KV Not Leader
038972 KVRA G102 S0 KV Not Leader
039146 KVRA G102 S1 KV Get 9, shard 7, index 5
039146 KVRA G102 S1 KV make chan for C5
039429 KVRA G102 S1 KV Clerk 1286819530089533669 Seq 10 duplicate
039429 KVRA G102 S1 KV notify index 5
042059 SNAP G102 S0 snapshot respon [false false false false false false false true true true]
042318 KVRA G102 S2 KV Clerk 1286819530089533669 Seq 10 duplicate
043136 INFO G100 S0 killed
043136 INFO G100 S1 killed
043136 INFO G100 S2 killed
044206 KVRA G102 S1 start config 2
044378 KVRA G102 S1 Update Config to 2, need map[], out [7 8 9]
044378 KVRA G102 S1 Save table Config 1, map[9:100]
044378 KVRA G102 S1 Save table Config 1, map[0:100]
044378 KVRA G102 S1 Save table Config 1, map[1:100]
044411 KVRA G101 S1 start config 2
044738 KVRA G101 S1 Update Config to 2, need map[0:1 1:1 2:1 3:1 7:1 8:1 9:1], out []
044919 KVRA G101 S1 KV start pull shards 0, cfg 1
044953 KVRA G102 S2 Update Config to 2, need map[], out [7 8 9]
044954 KVRA G102 S2 Save table Config 1, map[9:100]
044954 KVRA G102 S2 Save table Config 1, map[0:100]
044954 KVRA G102 S2 Save table Config 1, map[1:100]
045243 KVRA G101 S0 Update Config to 2, need map[0:1 1:1 2:1 3:1 7:1 8:1 9:1], out []
045591 KVRA G101 S1 KV start pull shards 1, cfg 1
046240 KVRA G101 S1 KV start pull shards 2, cfg 1
046880 KVRA G101 S1 KV start pull shards 3, cfg 1
046881 KVRA G102 S0 Update Config to 2, need map[], out [7 8 9]
046881 KVRA G102 S0 Save table Config 1, map[9:100]
046881 KVRA G102 S0 Save table Config 1, map[0:100]
046881 KVRA G102 S0 Save table Config 1, map[1:100]
047208 KVRA G101 S1 KV start pull shards 7, cfg 1
048071 KVRA G101 S1 KV start pull shards 8, cfg 1
048071 KVRA G101 S2 Update Config to 2, need map[0:1 1:1 2:1 3:1 7:1 8:1 9:1], out []
051184 KVRA G102 S1 KV reply table maxreq
051185 KVRA G101 S1 KV pull shards succ 7, cfg 1, table map[9:100]
051947 KVRA G101 S1 KV start pull shards 9, cfg 1
052149 KVRA G101 S2 update cfg 1 shards 7 to map[9:100]
052379 KVRA G101 S0 update cfg 1 shards 7 to map[9:100]
053025 KVRA G102 S1 KV reply table maxreq
053026 KVRA G101 S1 KV pull shards succ 8, cfg 1, table map[0:100]
053617 KVRA G102 S1 KV reply table maxreq
053619 KVRA G101 S1 KV pull shards succ 9, cfg 1, table map[1:100]
053640 KVRA G101 S2 update cfg 1 shards 8 to map[0:100]
053879 KVRA G101 S0 update cfg 1 shards 8 to map[0:100]
053987 KVRA G102 S0 KV Not Leader
054087 KVRA G102 S1 KV Get 0, shard 8, index 7
054704 KVRA G101 S0 update cfg 1 shards 9 to map[1:100]
054812 KVRA G102 S0 KV WrongGroup, 0 shard 8, acc [false false false false false false false false false false]
054847 KVRA G102 S1 KV make chan for C7
054849 KVRA G102 S1 KV WrongGroup, 0 shard 8, acc [false false false false false false false false false false]
054849 KVRA G102 S1 KV notify index 7
055064 KVRA G102 S2 KV WrongGroup, 0 shard 8, acc [false false false false false false false false false false]
055064 KVRA G101 S2 update cfg 1 shards 9 to map[1:100]
056558 KVRA G101 S1 update cfg 1 shards 7 to map[9:100]
056559 KVRA G101 S1 update cfg 1 shards 8 to map[0:100]
056664 KVRA G101 S1 update cfg 1 shards 9 to map[1:100]
057122 KVRA G101 S0 KV Not Leader
057379 KVRA G101 S1 KV Get 0, shard 8, index 9
057379 KVRA G101 S1 KV make chan for C9
057879 KVRA G101 S%!d(shardkv.Err=) KV Get reply err %!v(MISSING)
057956 KVRA G101 S2 KV Not Leader
058392 KVRA G101 S1 KV apply {1286819530089533669 11 Get 0 }, shard 8, index 9
058393 KVRA G101 S1 KV notify index 9
059207 KVRA G101 S2 KV apply {1286819530089533669 11 Get 0 }, shard 8, index 9
059314 KVRA G101 S0 KV apply {1286819530089533669 11 Get 0 }, shard 8, index 9
059830 KVRA G101 S0 KV Not Leader
060062 KVRA G101 S1 KV Get 0, shard 8, index 10
060216 KVRA G101 S1 KV make chan for C10
060217 KVRA G101 S1 KV apply {1286819530089533669 11 Get 0 }, shard 8, index 10
060217 KVRA G101 S1 KV notify index 10
060271 KVRA G101 S2 KV apply {1286819530089533669 11 Get 0 }, shard 8, index 10
060359 KVRA G101 S0 KV Not Leader
060424 KVRA G101 S1 KV Get 0, shard 8, index 11
060424 KVRA G101 S1 KV make chan for C11
060467 KVRA G101 S0 KV apply {1286819530089533669 11 Get 0 }, shard 8, index 10
060925 KVRA G101 S1 KV Get reply err 
060992 KVRA G101 S2 KV Not Leader
061853 KVRA G101 S1 KV apply {1286819530089533669 12 Put 0 100-2}, shard 8, index 11
061853 KVRA G101 S1 KV notify index 11
063161 KVRA G101 S0 KV apply {1286819530089533669 12 Put 0 100-2}, shard 8, index 11
064584 KVRA G101 S0 KV Not Leader
064695 KVRA G101 S1 KV Get 0, shard 8, index 12
065185 KVRA G101 S2 KV apply {1286819530089533669 12 Put 0 100-2}, shard 8, index 11
065835 KVRA G101 S0 KV Clerk 1286819530089533669 Seq 12 duplicate
065910 KVRA G101 S2 KV Clerk 1286819530089533669 Seq 12 duplicate
066811 KVRA G101 S1 KV make chan for C12
066811 KVRA G101 S1 KV Clerk 1286819530089533669 Seq 12 duplicate
066811 KVRA G101 S1 KV notify index 12
067061 KVRA G101 S0 KV Not Leader
067271 KVRA G101 S1 KV Get 0, shard 8, index 13
067272 KVRA G101 S1 KV make chan for C13
067663 KVRA G101 S1 KV apply {1286819530089533669 13 Get 0 }, shard 8, index 13
067663 KVRA G101 S1 KV notify index 13
067705 KVRA G101 S0 KV Not Leader
067803 KVRA G101 S1 KV Get 1, shard 9, index 14
067803 KVRA G101 S1 KV make chan for C14
067912 KVRA G101 S0 KV apply {1286819530089533669 13 Get 0 }, shard 8, index 13
068298 KVRA G101 S1 KV apply {1286819530089533669 14 Get 1 }, shard 9, index 14
068298 KVRA G101 S1 KV notify index 14
068339 KVRA G101 S0 KV Not Leader
068416 KVRA G101 S1 KV Get 1, shard 9, index 15
068416 KVRA G101 S1 KV make chan for C15
068515 KVRA G101 S2 KV apply {1286819530089533669 13 Get 0 }, shard 8, index 13
068698 KVRA G101 S2 KV apply {1286819530089533669 14 Get 1 }, shard 9, index 14
068839 KVRA G101 S1 KV apply {1286819530089533669 15 Put 1 100-2}, shard 9, index 15
068839 KVRA G101 S1 KV notify index 15
069058 KVRA G101 S0 KV apply {1286819530089533669 14 Get 1 }, shard 9, index 14
069059 KVRA G101 S0 KV apply {1286819530089533669 15 Put 1 100-2}, shard 9, index 15
069080 KVRA G101 S0 KV Not Leader
069123 KVRA G101 S2 KV apply {1286819530089533669 15 Put 1 100-2}, shard 9, index 15
069210 KVRA G101 S1 KV Get 1, shard 9, index 16
069210 KVRA G101 S1 KV make chan for C16
069720 KVRA G101 S%!d(shardkv.Err=) KV Get reply err %!v(MISSING)
069827 KVRA G101 S2 KV Not Leader
069926 KVRA G101 S1 KV apply {1286819530089533669 16 Get 1 }, shard 9, index 16
069926 KVRA G101 S1 KV notify index 16
070187 KVRA G101 S2 KV apply {1286819530089533669 16 Get 1 }, shard 9, index 16
070791 SNAP G101 S0 snapshot respon [false false false false true true true true true true]
073236 KVRA G101 S2 KV Not Leader
075877 KVRA G101 S0 KV Not Leader
076019 KVRA G101 S1 KV Get 1, shard 9, index 17
076451 KVRA G101 S1 KV make chan for C17
076451 KVRA G101 S1 KV apply {1286819530089533669 16 Get 1 }, shard 9, index 17
076452 KVRA G101 S1 KV notify index 17
076634 KVRA G101 S0 KV Not Leader
076765 KVRA G101 S1 KV Get 9, shard 7, index 18
076765 KVRA G101 S1 KV make chan for C18
077084 KVRA G101 S1 KV apply {1286819530089533669 17 Get 9 }, shard 7, index 18
077084 KVRA G101 S1 KV notify index 18
077263 KVRA G101 S2 KV Not Leader
077288 KVRA G101 S2 KV apply {1286819530089533669 16 Get 1 }, shard 9, index 17
077288 SNAP G101 S0 snapshot respon [false false false false true true true true true true]
078142 KVRA G101 S0 KV apply {1286819530089533669 17 Get 9 }, shard 7, index 18
078143 SNAP G101 S2 snapshot respon [false false false false true true true true true true]
080419 KVRA G101 S0 KV Not Leader
080692 KVRA G101 S2 KV Not Leader
082453 KVRA G101 S0 KV Not Leader
082541 KVRA G101 S1 KV Get 9, shard 7, index 19
082970 KVRA G101 S0 KV apply {1286819530089533669 17 Get 9 }, shard 7, index 19
083283 KVRA G101 S1 KV make chan for C19
083283 KVRA G101 S1 KV apply {1286819530089533669 17 Get 9 }, shard 7, index 19
083283 KVRA G101 S1 KV notify index 19
083283 KVRA G101 S2 KV apply {1286819530089533669 17 Get 9 }, shard 7, index 19
083425 KVRA G101 S2 KV Not Leader
085147 KVRA G101 S0 KV Not Leader
085213 KVRA G101 S1 KV Get 9, shard 7, index 20
085213 KVRA G101 S1 KV make chan for C20
085527 KVRA G101 S1 KV apply {1286819530089533669 17 Get 9 }, shard 7, index 20
085527 KVRA G101 S1 KV notify index 20
085766 KVRA G101 S0 KV Not Leader
086028 KVRA G101 S1 KV Get 9, shard 7, index 21
086518 KVRA G101 S0 KV apply {1286819530089533669 17 Get 9 }, shard 7, index 20
086737 SNAP G101 S2 snapshot respon [false false false false true true true true true true]
088312 KVRA G101 S2 KV apply {1286819530089533669 18 Put 9 100-2}, shard 7, index 21
088416 KVRA G101 S0 KV apply {1286819530089533669 18 Put 9 100-2}, shard 7, index 21
089862 KVRA G101 S1 KV make chan for C21
089863 KVRA G101 S1 KV apply {1286819530089533669 18 Put 9 100-2}, shard 7, index 21
089863 KVRA G101 S1 KV notify index 21
089961 KVRA G101 S0 KV Not Leader
090178 KVRA G101 S1 KV Get 9, shard 7, index 22
090178 KVRA G101 S1 KV make chan for C22
090448 KVRA G101 S1 KV apply {1286819530089533669 19 Get 9 }, shard 7, index 22
090449 KVRA G101 S1 KV notify index 22
090502 KVRA G101 S2 KV Not Leader
090773 KVRA G101 S0 KV apply {1286819530089533669 19 Get 9 }, shard 7, index 22
092726 KVRA G101 S0 KV Not Leader
092922 KVRA G101 S1 KV Get 9, shard 7, index 23
093072 KVRA G101 S2 KV apply {1286819530089533669 19 Get 9 }, shard 7, index 22
093291 KVRA G101 S1 KV make chan for C23
093344 KVRA G101 S1 KV apply {1286819530089533669 19 Get 9 }, shard 7, index 23
093345 KVRA G101 S1 KV notify index 23
  ... Passed
093346 INFO G101 S0 killed
093346 INFO G101 S1 killed
093346 INFO G101 S2 killed
093346 INFO G102 S0 killed
093346 INFO G102 S1 killed
093346 INFO G102 S2 killed
PASS
ok  	6.824/shardkv	9.336s
